#
# There is insufficient memory for the Java Runtime Environment to continue.
# Native memory allocation (malloc) failed to allocate 2097152 bytes. Error detail: AllocateHeap
# Possible reasons:
#   The system is out of physical RAM or swap space
#   This process is running with CompressedOops enabled, and the Java Heap may be blocking the growth of the native heap
# Possible solutions:
#   Reduce memory load on the system
#   Increase physical memory or swap space
#   Check if swap backing store is full
#   Decrease Java heap size (-Xmx/-Xms)
#   Decrease number of Java threads
#   Decrease Java thread stack sizes (-Xss)
#   Set larger code cache with -XX:ReservedCodeCacheSize=
#   JVM is running with Unscaled Compressed Oops mode in which the Java heap is
#     placed in the first 4GB address space. The Java Heap base address is the
#     maximum limit for the native heap growth. Please use -XX:HeapBaseMinAddress
#     to set the Java Heap base and to place the Java Heap above 4GB virtual address.
# This output file may be truncated or incomplete.
#
#  Out of Memory Error (allocation.cpp:44), pid=8324, tid=664
#
# JRE version: OpenJDK Runtime Environment Temurin-17.0.11+9 (17.0.11+9) (build 17.0.11+9)
# Java VM: OpenJDK 64-Bit Server VM Temurin-17.0.11+9 (17.0.11+9, mixed mode, emulated-client, tiered, compressed oops, compressed class ptrs, g1 gc, windows-amd64)
# No core dump will be written. Minidumps are not enabled by default on client versions of Windows
#

---------------  S U M M A R Y ------------

Command Line: -Xmx1024m -Dsts.lsp.client=vscode -Dsts.log.file=/dev/null -XX:TieredStopAtLevel=1 -Xlog:jni+resolve=off -Dspring.config.location=file:c:\Users\Playdata\.vscode\extensions\vmware.vscode-spring-boot-1.55.0\language-server\BOOT-INF\classes\application.properties org.springframework.ide.vscode.boot.app.BootLanguageServerBootApp

Host: 11th Gen Intel(R) Core(TM) i5-1135G7 @ 2.40GHz, 8 cores, 15G,  Windows 11 , 64 bit Build 22621 (10.0.22621.3672)
Time: Mon Jun 17 11:35:31 2024  Windows 11 , 64 bit Build 22621 (10.0.22621.3672) elapsed time: 5684.470241 seconds (0d 1h 34m 44s)

---------------  T H R E A D  ---------------

Current thread (0x000001a747b7ad70):  VMThread "VM Thread" [stack: 0x0000006e77d00000,0x0000006e77e00000] [id=664]

Stack: [0x0000006e77d00000,0x0000006e77e00000]
Native frames: (J=compiled Java code, j=interpreted, Vv=VM code, C=native code)
V  [jvm.dll+0x67d429]
V  [jvm.dll+0x834b7a]
V  [jvm.dll+0x83663e]
V  [jvm.dll+0x836ca3]
V  [jvm.dll+0x247dbf]
V  [jvm.dll+0xa6cb3]
V  [jvm.dll+0x2f8b61]
V  [jvm.dll+0x2f4750]
V  [jvm.dll+0x2dcf67]
V  [jvm.dll+0x31fb67]
V  [jvm.dll+0x83b19b]
V  [jvm.dll+0x83bed2]
V  [jvm.dll+0x83c3ed]
V  [jvm.dll+0x83c7c4]
V  [jvm.dll+0x83c890]
V  [jvm.dll+0x7e410a]
V  [jvm.dll+0x67c315]
C  [ucrtbase.dll+0x29333]
C  [KERNEL32.DLL+0x1257d]
C  [ntdll.dll+0x5af28]

VM_Operation (0x0000006e795fed40): G1CollectFull, mode: safepoint, requested by thread 0x000001a74d59a830


---------------  P R O C E S S  ---------------

Threads class SMR info:
_java_thread_list=0x000001a74e36e560, length=25, elements={
0x000001a747b7e780, 0x000001a747baf400, 0x000001a747bc8ea0, 0x000001a747be39b0,
0x000001a747be4480, 0x000001a747be4d50, 0x000001a747bff970, 0x000001a747c02e30,
0x000001a747e0b750, 0x000001a747e14650, 0x000001a74ca7fff0, 0x000001a74d59a830,
0x000001a74ca3c270, 0x000001a73ab6c3a0, 0x000001a74c7b57e0, 0x000001a74d65cfb0,
0x000001a74c7d0320, 0x000001a74c7ceee0, 0x000001a74c7cfe10, 0x000001a74c7d0830,
0x000001a74c7cdfb0, 0x000001a74c7ce4c0, 0x000001a74d70b200, 0x000001a74d70b710,
0x000001a74d70c130
}

Java Threads: ( => current thread )
  0x000001a747b7e780 JavaThread "Reference Handler" daemon [_thread_blocked, id=18500, stack(0x0000006e77e00000,0x0000006e77f00000)]
  0x000001a747baf400 JavaThread "Finalizer" daemon [_thread_blocked, id=8464, stack(0x0000006e77f00000,0x0000006e78000000)]
  0x000001a747bc8ea0 JavaThread "Signal Dispatcher" daemon [_thread_blocked, id=18004, stack(0x0000006e78000000,0x0000006e78100000)]
  0x000001a747be39b0 JavaThread "Attach Listener" daemon [_thread_blocked, id=12412, stack(0x0000006e78100000,0x0000006e78200000)]
  0x000001a747be4480 JavaThread "Service Thread" daemon [_thread_blocked, id=16720, stack(0x0000006e78200000,0x0000006e78300000)]
  0x000001a747be4d50 JavaThread "Monitor Deflation Thread" daemon [_thread_blocked, id=14388, stack(0x0000006e78300000,0x0000006e78400000)]
  0x000001a747bff970 JavaThread "C1 CompilerThread0" daemon [_thread_blocked, id=4824, stack(0x0000006e78400000,0x0000006e78500000)]
  0x000001a747c02e30 JavaThread "Sweeper thread" daemon [_thread_blocked, id=21804, stack(0x0000006e78500000,0x0000006e78600000)]
  0x000001a747e0b750 JavaThread "Notification Thread" daemon [_thread_blocked, id=7104, stack(0x0000006e78600000,0x0000006e78700000)]
  0x000001a747e14650 JavaThread "Common-Cleaner" daemon [_thread_blocked, id=2680, stack(0x0000006e78800000,0x0000006e78900000)]
  0x000001a74ca7fff0 JavaThread "boundedElastic-evictor-1" daemon [_thread_blocked, id=13512, stack(0x0000006e79000000,0x0000006e79100000)]
  0x000001a74d59a830 JavaThread "pool-13-thread-1" [_thread_blocked, id=7604, stack(0x0000006e79500000,0x0000006e79600000)]
  0x000001a74ca3c270 JavaThread "LanguageServerApp-lifecycle" [_thread_blocked, id=112, stack(0x0000006e79600000,0x0000006e79700000)]
  0x000001a73ab6c3a0 JavaThread "DestroyJavaVM" [_thread_blocked, id=12332, stack(0x0000006e77700000,0x0000006e77800000)]
  0x000001a74c7b57e0 JavaThread "pool-14-thread-1" [_thread_in_native, id=8836, stack(0x0000006e79700000,0x0000006e79800000)]
  0x000001a74d65cfb0 JavaThread "Simple-Language-Server main thread" daemon [_thread_blocked, id=21136, stack(0x0000006e79800000,0x0000006e79900000)]
  0x000001a74c7d0320 JavaThread "pool-8-thread-1" [_thread_blocked, id=228, stack(0x0000006e79b00000,0x0000006e79c00000)]
  0x000001a74c7ceee0 JavaThread "parallel-1" daemon [_thread_blocked, id=11696, stack(0x0000006e79c00000,0x0000006e79d00000)]
  0x000001a74c7cfe10 JavaThread "pool-6-thread-1" [_thread_blocked, id=11384, stack(0x0000006e79d00000,0x0000006e79e00000)]
  0x000001a74c7d0830 JavaThread "parallel-2" daemon [_thread_blocked, id=16492, stack(0x0000006e79e00000,0x0000006e79f00000)]
  0x000001a74c7cdfb0 JavaThread "parallel-3" daemon [_thread_blocked, id=8796, stack(0x0000006e79f00000,0x0000006e7a000000)]
  0x000001a74c7ce4c0 JavaThread "parallel-4" daemon [_thread_blocked, id=11788, stack(0x0000006e7a500000,0x0000006e7a600000)]
  0x000001a74d70b200 JavaThread "parallel-5" daemon [_thread_blocked, id=12404, stack(0x0000006e7a600000,0x0000006e7a700000)]
  0x000001a74d70b710 JavaThread "Reconciler-1" daemon [_thread_blocked, id=21592, stack(0x0000006e7a800000,0x0000006e7a900000)]
  0x000001a74d70c130 JavaThread "CompletableFutureDelayScheduler" daemon [_thread_blocked, id=5044, stack(0x0000006e79a00000,0x0000006e79b00000)]

Other Threads:
=>0x000001a747b7ad70 VMThread "VM Thread" [stack: 0x0000006e77d00000,0x0000006e77e00000] [id=664]
  0x000001a747e0bc30 WatcherThread [stack: 0x0000006e78700000,0x0000006e78800000] [id=1920]
  0x000001a73cd55f30 GCTaskThread "GC Thread#0" [stack: 0x0000006e77800000,0x0000006e77900000] [id=7880]
  0x000001a747db1e60 GCTaskThread "GC Thread#1" [stack: 0x0000006e78a00000,0x0000006e78b00000] [id=11912]
  0x000001a747db2120 GCTaskThread "GC Thread#2" [stack: 0x0000006e78b00000,0x0000006e78c00000] [id=17780]
  0x000001a747db23e0 GCTaskThread "GC Thread#3" [stack: 0x0000006e78c00000,0x0000006e78d00000] [id=18988]
  0x000001a74cabc040 GCTaskThread "GC Thread#4" [stack: 0x0000006e78d00000,0x0000006e78e00000] [id=7208]
  0x000001a74cabc300 GCTaskThread "GC Thread#5" [stack: 0x0000006e78e00000,0x0000006e78f00000] [id=10672]
  0x000001a74cfe7e20 GCTaskThread "GC Thread#6" [stack: 0x0000006e79200000,0x0000006e79300000] [id=3600]
  0x000001a74cef2360 GCTaskThread "GC Thread#7" [stack: 0x0000006e79300000,0x0000006e79400000] [id=20636]
  0x000001a73cd5ed90 ConcurrentGCThread "G1 Main Marker" [stack: 0x0000006e77900000,0x0000006e77a00000] [id=19796]
  0x000001a73cd5f6c0 ConcurrentGCThread "G1 Conc#0" [stack: 0x0000006e77a00000,0x0000006e77b00000] [id=19696]
  0x000001a74ceb0c30 ConcurrentGCThread "G1 Conc#1" [stack: 0x0000006e79400000,0x0000006e79500000] [id=12004]
  0x000001a73cdbeb50 ConcurrentGCThread "G1 Refine#0" [stack: 0x0000006e77b00000,0x0000006e77c00000] [id=13648]
  0x000001a7479fa680 ConcurrentGCThread "G1 Service" [stack: 0x0000006e77c00000,0x0000006e77d00000] [id=6112]

Threads with active compile tasks:

VM state: at safepoint (normal execution)

VM Mutex/Monitor currently owned by a thread:  ([mutex/lock_event])
[0x000001a73aaae700] Threads_lock - owner thread: 0x000001a747b7ad70
[0x000001a73aab3790] Heap_lock - owner thread: 0x000001a74d59a830

Heap address: 0x00000000c0000000, size: 1024 MB, Compressed Oops mode: 32-bit

CDS archive(s) not mapped
Compressed class space mapped at: 0x0000000100000000-0x0000000140000000, reserved size: 1073741824
Narrow klass base: 0x0000000000000000, Narrow klass shift: 3, Narrow klass range: 0x140000000

GC Precious Log:
 CPUs: 8 total, 8 available
 Memory: 16107M
 Large Page Support: Disabled
 NUMA Support: Disabled
 Compressed Oops: Enabled (32-bit)
 Heap Region Size: 1M
 Heap Min Capacity: 8M
 Heap Initial Capacity: 252M
 Heap Max Capacity: 1G
 Pre-touch: Disabled
 Parallel Workers: 8
 Concurrent Workers: 2
 Concurrent Refinement Workers: 8
 Periodic GC: Disabled

Heap:
 garbage-first heap   total 130048K, used 38187K [0x00000000c0000000, 0x0000000100000000)
  region size 1024K, 1 young (1024K), 0 survivors (0K)
 Metaspace       used 59444K, committed 59840K, reserved 1114112K
  class space    used 7411K, committed 7616K, reserved 1048576K

Heap Regions: E=young(eden), S=young(survivor), O=old, HS=humongous(starts), HC=humongous(continues), CS=collection set, F=free, OA=open archive, CA=closed archive, TAMS=top-at-mark-start (previous, next)
|   0|0x00000000c0000000, 0x00000000c0100000, 0x00000000c0100000|100%|HS|  |TAMS 0x00000000c0100000, 0x00000000c0000000| Untracked 
|   1|0x00000000c0100000, 0x00000000c0200000, 0x00000000c0200000|100%|HC|  |TAMS 0x00000000c0200000, 0x00000000c0100000| Untracked 
|   2|0x00000000c0200000, 0x00000000c0300000, 0x00000000c0300000|100%|HC|  |TAMS 0x00000000c0300000, 0x00000000c0200000| Untracked 
|   3|0x00000000c0300000, 0x00000000c0400000, 0x00000000c0400000|100%|HC|  |TAMS 0x00000000c0400000, 0x00000000c0300000| Untracked 
|   4|0x00000000c0400000, 0x00000000c0500000, 0x00000000c0500000|100%|HS|  |TAMS 0x00000000c0500000, 0x00000000c0400000| Untracked 
|   5|0x00000000c0500000, 0x00000000c0600000, 0x00000000c0600000|100%|HC|  |TAMS 0x00000000c0600000, 0x00000000c0500000| Untracked 
|   6|0x00000000c0600000, 0x00000000c0700000, 0x00000000c0700000|100%| O|  |TAMS 0x00000000c0700000, 0x00000000c0600000| Untracked 
|   7|0x00000000c0700000, 0x00000000c07fffa8, 0x00000000c0800000| 99%| O|  |TAMS 0x00000000c07fffa8, 0x00000000c0700000| Untracked 
|   8|0x00000000c0800000, 0x00000000c0900000, 0x00000000c0900000|100%| O|  |TAMS 0x00000000c0900000, 0x00000000c0800000| Untracked 
|   9|0x00000000c0900000, 0x00000000c0a00000, 0x00000000c0a00000|100%| O|  |TAMS 0x00000000c0a00000, 0x00000000c0900000| Untracked 
|  10|0x00000000c0a00000, 0x00000000c0b00000, 0x00000000c0b00000|100%| O|  |TAMS 0x00000000c0b00000, 0x00000000c0a00000| Untracked 
|  11|0x00000000c0b00000, 0x00000000c0c00000, 0x00000000c0c00000|100%| O|  |TAMS 0x00000000c0c00000, 0x00000000c0b00000| Untracked 
|  12|0x00000000c0c00000, 0x00000000c0cffff8, 0x00000000c0d00000| 99%| O|  |TAMS 0x00000000c0cffff8, 0x00000000c0c00000| Untracked 
|  13|0x00000000c0d00000, 0x00000000c0dfffe0, 0x00000000c0e00000| 99%| O|  |TAMS 0x00000000c0dfffe0, 0x00000000c0d00000| Untracked 
|  14|0x00000000c0e00000, 0x00000000c0efff98, 0x00000000c0f00000| 99%| O|  |TAMS 0x00000000c0efff98, 0x00000000c0e00000| Untracked 
|  15|0x00000000c0f00000, 0x00000000c0ffffe8, 0x00000000c1000000| 99%| O|  |TAMS 0x00000000c0ffffe8, 0x00000000c0f00000| Untracked 
|  16|0x00000000c1000000, 0x00000000c1100000, 0x00000000c1100000|100%| O|  |TAMS 0x00000000c1100000, 0x00000000c1000000| Untracked 
|  17|0x00000000c1100000, 0x00000000c11ffff0, 0x00000000c1200000| 99%| O|  |TAMS 0x00000000c11ffff0, 0x00000000c1100000| Untracked 
|  18|0x00000000c1200000, 0x00000000c12ffff8, 0x00000000c1300000| 99%| O|  |TAMS 0x00000000c12ffff8, 0x00000000c1200000| Untracked 
|  19|0x00000000c1300000, 0x00000000c13fffe8, 0x00000000c1400000| 99%| O|  |TAMS 0x00000000c13fffe8, 0x00000000c1300000| Untracked 
|  20|0x00000000c1400000, 0x00000000c14ffff8, 0x00000000c1500000| 99%| O|  |TAMS 0x00000000c14ffff8, 0x00000000c1400000| Untracked 
|  21|0x00000000c1500000, 0x00000000c15fffc8, 0x00000000c1600000| 99%| O|  |TAMS 0x00000000c15fffc8, 0x00000000c1500000| Untracked 
|  22|0x00000000c1600000, 0x00000000c16fffd0, 0x00000000c1700000| 99%| O|  |TAMS 0x00000000c16fffd0, 0x00000000c1600000| Untracked 
|  23|0x00000000c1700000, 0x00000000c17fffc0, 0x00000000c1800000| 99%| O|  |TAMS 0x00000000c17fffc0, 0x00000000c1700000| Untracked 
|  24|0x00000000c1800000, 0x00000000c18ffe80, 0x00000000c1900000| 99%| O|  |TAMS 0x00000000c18ffe80, 0x00000000c1800000| Untracked 
|  25|0x00000000c1900000, 0x00000000c19fffe0, 0x00000000c1a00000| 99%| O|  |TAMS 0x00000000c19fffe0, 0x00000000c1900000| Untracked 
|  26|0x00000000c1a00000, 0x00000000c1affff8, 0x00000000c1b00000| 99%| O|  |TAMS 0x00000000c1affff8, 0x00000000c1a00000| Untracked 
|  27|0x00000000c1b00000, 0x00000000c1bfe820, 0x00000000c1c00000| 99%| O|  |TAMS 0x00000000c1bfe820, 0x00000000c1b00000| Untracked 
|  28|0x00000000c1c00000, 0x00000000c1cffff0, 0x00000000c1d00000| 99%| O|  |TAMS 0x00000000c1cffff0, 0x00000000c1c00000| Untracked 
|  29|0x00000000c1d00000, 0x00000000c1dfffd8, 0x00000000c1e00000| 99%| O|  |TAMS 0x00000000c1dfffd8, 0x00000000c1d00000| Untracked 
|  30|0x00000000c1e00000, 0x00000000c1f00000, 0x00000000c1f00000|100%|HS|  |TAMS 0x00000000c1f00000, 0x00000000c1e00000| Untracked 
|  31|0x00000000c1f00000, 0x00000000c2000000, 0x00000000c2000000|100%| O|  |TAMS 0x00000000c2000000, 0x00000000c1f00000| Untracked 
|  32|0x00000000c2000000, 0x00000000c20f65c8, 0x00000000c2100000| 96%| O|  |TAMS 0x00000000c20f65c8, 0x00000000c2000000| Untracked 
|  33|0x00000000c2100000, 0x00000000c2200000, 0x00000000c2200000|100%| O|  |TAMS 0x00000000c2200000, 0x00000000c2100000| Untracked 
|  34|0x00000000c2200000, 0x00000000c22b21b0, 0x00000000c2300000| 69%| O|  |TAMS 0x00000000c2200000, 0x00000000c2200000| Untracked 
|  35|0x00000000c2300000, 0x00000000c23aff70, 0x00000000c2400000| 68%| O|  |TAMS 0x00000000c2300000, 0x00000000c2300000| Untracked 
|  36|0x00000000c2400000, 0x00000000c2400068, 0x00000000c2500000|  0%| O|  |TAMS 0x00000000c2400000, 0x00000000c2400000| Untracked 
|  37|0x00000000c2500000, 0x00000000c2600000, 0x00000000c2600000|100%| O|  |TAMS 0x00000000c2600000, 0x00000000c2500000| Untracked 
|  38|0x00000000c2600000, 0x00000000c26f4288, 0x00000000c2700000| 95%| O|  |TAMS 0x00000000c26f4288, 0x00000000c2600000| Untracked 
|  39|0x00000000c2700000, 0x00000000c2700000, 0x00000000c2800000|  0%| F|  |TAMS 0x00000000c2700000, 0x00000000c2700000| Untracked 
|  40|0x00000000c2800000, 0x00000000c2800000, 0x00000000c2900000|  0%| F|  |TAMS 0x00000000c2800000, 0x00000000c2800000| Untracked 
|  41|0x00000000c2900000, 0x00000000c2900000, 0x00000000c2a00000|  0%| F|  |TAMS 0x00000000c2900000, 0x00000000c2900000| Untracked 
|  42|0x00000000c2a00000, 0x00000000c2a00000, 0x00000000c2b00000|  0%| F|  |TAMS 0x00000000c2a00000, 0x00000000c2a00000| Untracked 
|  43|0x00000000c2b00000, 0x00000000c2b00000, 0x00000000c2c00000|  0%| F|  |TAMS 0x00000000c2b00000, 0x00000000c2b00000| Untracked 
|  44|0x00000000c2c00000, 0x00000000c2c00000, 0x00000000c2d00000|  0%| F|  |TAMS 0x00000000c2c00000, 0x00000000c2c00000| Untracked 
|  45|0x00000000c2d00000, 0x00000000c2d00000, 0x00000000c2e00000|  0%| F|  |TAMS 0x00000000c2d00000, 0x00000000c2d00000| Untracked 
|  46|0x00000000c2e00000, 0x00000000c2e00000, 0x00000000c2f00000|  0%| F|  |TAMS 0x00000000c2e00000, 0x00000000c2e00000| Untracked 
|  47|0x00000000c2f00000, 0x00000000c2f00000, 0x00000000c3000000|  0%| F|  |TAMS 0x00000000c2f00000, 0x00000000c2f00000| Untracked 
|  48|0x00000000c3000000, 0x00000000c3000000, 0x00000000c3100000|  0%| F|  |TAMS 0x00000000c3000000, 0x00000000c3000000| Untracked 
|  49|0x00000000c3100000, 0x00000000c3100000, 0x00000000c3200000|  0%| F|  |TAMS 0x00000000c3100000, 0x00000000c3100000| Untracked 
|  50|0x00000000c3200000, 0x00000000c3200000, 0x00000000c3300000|  0%| F|  |TAMS 0x00000000c3200000, 0x00000000c3200000| Untracked 
|  51|0x00000000c3300000, 0x00000000c3300000, 0x00000000c3400000|  0%| F|  |TAMS 0x00000000c3300000, 0x00000000c3300000| Untracked 
|  52|0x00000000c3400000, 0x00000000c3400000, 0x00000000c3500000|  0%| F|  |TAMS 0x00000000c3400000, 0x00000000c3400000| Untracked 
|  53|0x00000000c3500000, 0x00000000c3500000, 0x00000000c3600000|  0%| F|  |TAMS 0x00000000c3500000, 0x00000000c3500000| Untracked 
|  54|0x00000000c3600000, 0x00000000c3600000, 0x00000000c3700000|  0%| F|  |TAMS 0x00000000c3600000, 0x00000000c3600000| Untracked 
|  55|0x00000000c3700000, 0x00000000c3700000, 0x00000000c3800000|  0%| F|  |TAMS 0x00000000c3700000, 0x00000000c3700000| Untracked 
|  56|0x00000000c3800000, 0x00000000c3800000, 0x00000000c3900000|  0%| F|  |TAMS 0x00000000c3800000, 0x00000000c3800000| Untracked 
|  57|0x00000000c3900000, 0x00000000c3900000, 0x00000000c3a00000|  0%| F|  |TAMS 0x00000000c3900000, 0x00000000c3900000| Untracked 
|  58|0x00000000c3a00000, 0x00000000c3a00000, 0x00000000c3b00000|  0%| F|  |TAMS 0x00000000c3a00000, 0x00000000c3a00000| Untracked 
|  59|0x00000000c3b00000, 0x00000000c3b00000, 0x00000000c3c00000|  0%| F|  |TAMS 0x00000000c3b00000, 0x00000000c3b00000| Untracked 
|  60|0x00000000c3c00000, 0x00000000c3c00000, 0x00000000c3d00000|  0%| F|  |TAMS 0x00000000c3c00000, 0x00000000c3c00000| Untracked 
|  61|0x00000000c3d00000, 0x00000000c3d00000, 0x00000000c3e00000|  0%| F|  |TAMS 0x00000000c3d00000, 0x00000000c3d00000| Untracked 
|  62|0x00000000c3e00000, 0x00000000c3e00000, 0x00000000c3f00000|  0%| F|  |TAMS 0x00000000c3e00000, 0x00000000c3e00000| Untracked 
|  63|0x00000000c3f00000, 0x00000000c3f00000, 0x00000000c4000000|  0%| F|  |TAMS 0x00000000c3f00000, 0x00000000c3f00000| Untracked 
|  64|0x00000000c4000000, 0x00000000c4000000, 0x00000000c4100000|  0%| F|  |TAMS 0x00000000c4000000, 0x00000000c4000000| Untracked 
|  65|0x00000000c4100000, 0x00000000c4100000, 0x00000000c4200000|  0%| F|  |TAMS 0x00000000c4100000, 0x00000000c4100000| Untracked 
|  66|0x00000000c4200000, 0x00000000c4200000, 0x00000000c4300000|  0%| F|  |TAMS 0x00000000c4200000, 0x00000000c4200000| Untracked 
|  67|0x00000000c4300000, 0x00000000c4300000, 0x00000000c4400000|  0%| F|  |TAMS 0x00000000c4300000, 0x00000000c4300000| Untracked 
|  68|0x00000000c4400000, 0x00000000c4400000, 0x00000000c4500000|  0%| F|  |TAMS 0x00000000c4400000, 0x00000000c4400000| Untracked 
|  69|0x00000000c4500000, 0x00000000c4500000, 0x00000000c4600000|  0%| F|  |TAMS 0x00000000c4500000, 0x00000000c4500000| Untracked 
|  70|0x00000000c4600000, 0x00000000c4600000, 0x00000000c4700000|  0%| F|  |TAMS 0x00000000c4600000, 0x00000000c4600000| Untracked 
|  71|0x00000000c4700000, 0x00000000c4700000, 0x00000000c4800000|  0%| F|  |TAMS 0x00000000c4700000, 0x00000000c4700000| Untracked 
|  72|0x00000000c4800000, 0x00000000c4800000, 0x00000000c4900000|  0%| F|  |TAMS 0x00000000c4800000, 0x00000000c4800000| Untracked 
|  73|0x00000000c4900000, 0x00000000c4900000, 0x00000000c4a00000|  0%| F|  |TAMS 0x00000000c4900000, 0x00000000c4900000| Untracked 
|  74|0x00000000c4a00000, 0x00000000c4a00000, 0x00000000c4b00000|  0%| F|  |TAMS 0x00000000c4a00000, 0x00000000c4a00000| Untracked 
|  75|0x00000000c4b00000, 0x00000000c4b00000, 0x00000000c4c00000|  0%| F|  |TAMS 0x00000000c4b00000, 0x00000000c4b00000| Untracked 
|  76|0x00000000c4c00000, 0x00000000c4c00000, 0x00000000c4d00000|  0%| F|  |TAMS 0x00000000c4c00000, 0x00000000c4c00000| Untracked 
|  77|0x00000000c4d00000, 0x00000000c4d00000, 0x00000000c4e00000|  0%| F|  |TAMS 0x00000000c4d00000, 0x00000000c4d00000| Untracked 
|  78|0x00000000c4e00000, 0x00000000c4e00000, 0x00000000c4f00000|  0%| F|  |TAMS 0x00000000c4e00000, 0x00000000c4e00000| Untracked 
|  79|0x00000000c4f00000, 0x00000000c4f00000, 0x00000000c5000000|  0%| F|  |TAMS 0x00000000c4f00000, 0x00000000c4f00000| Untracked 
|  80|0x00000000c5000000, 0x00000000c5000000, 0x00000000c5100000|  0%| F|  |TAMS 0x00000000c5000000, 0x00000000c5000000| Untracked 
|  81|0x00000000c5100000, 0x00000000c5100000, 0x00000000c5200000|  0%| F|  |TAMS 0x00000000c5100000, 0x00000000c5100000| Untracked 
|  82|0x00000000c5200000, 0x00000000c5200000, 0x00000000c5300000|  0%| F|  |TAMS 0x00000000c5200000, 0x00000000c5200000| Untracked 
|  83|0x00000000c5300000, 0x00000000c5300000, 0x00000000c5400000|  0%| F|  |TAMS 0x00000000c5300000, 0x00000000c5300000| Untracked 
|  84|0x00000000c5400000, 0x00000000c5400000, 0x00000000c5500000|  0%| F|  |TAMS 0x00000000c5400000, 0x00000000c5400000| Untracked 
|  85|0x00000000c5500000, 0x00000000c5500000, 0x00000000c5600000|  0%| F|  |TAMS 0x00000000c5500000, 0x00000000c5500000| Untracked 
|  86|0x00000000c5600000, 0x00000000c5600000, 0x00000000c5700000|  0%| F|  |TAMS 0x00000000c5600000, 0x00000000c5600000| Untracked 
|  87|0x00000000c5700000, 0x00000000c5700000, 0x00000000c5800000|  0%| F|  |TAMS 0x00000000c5700000, 0x00000000c5700000| Untracked 
|  88|0x00000000c5800000, 0x00000000c5800000, 0x00000000c5900000|  0%| F|  |TAMS 0x00000000c5800000, 0x00000000c5800000| Untracked 
|  89|0x00000000c5900000, 0x00000000c5900000, 0x00000000c5a00000|  0%| F|  |TAMS 0x00000000c5900000, 0x00000000c5900000| Untracked 
|  90|0x00000000c5a00000, 0x00000000c5a00000, 0x00000000c5b00000|  0%| F|  |TAMS 0x00000000c5a00000, 0x00000000c5a00000| Untracked 
|  91|0x00000000c5b00000, 0x00000000c5b00000, 0x00000000c5c00000|  0%| F|  |TAMS 0x00000000c5b00000, 0x00000000c5b00000| Untracked 
|  92|0x00000000c5c00000, 0x00000000c5c00000, 0x00000000c5d00000|  0%| F|  |TAMS 0x00000000c5c00000, 0x00000000c5c00000| Untracked 
|  93|0x00000000c5d00000, 0x00000000c5d00000, 0x00000000c5e00000|  0%| F|  |TAMS 0x00000000c5d00000, 0x00000000c5d00000| Untracked 
|  94|0x00000000c5e00000, 0x00000000c5e00000, 0x00000000c5f00000|  0%| F|  |TAMS 0x00000000c5e00000, 0x00000000c5e00000| Untracked 
|  95|0x00000000c5f00000, 0x00000000c5f00000, 0x00000000c6000000|  0%| F|  |TAMS 0x00000000c5f00000, 0x00000000c5f00000| Untracked 
|  96|0x00000000c6000000, 0x00000000c6000000, 0x00000000c6100000|  0%| F|  |TAMS 0x00000000c6000000, 0x00000000c6000000| Untracked 
|  97|0x00000000c6100000, 0x00000000c6100000, 0x00000000c6200000|  0%| F|  |TAMS 0x00000000c6100000, 0x00000000c6100000| Untracked 
|  98|0x00000000c6200000, 0x00000000c6200000, 0x00000000c6300000|  0%| F|  |TAMS 0x00000000c6200000, 0x00000000c6200000| Untracked 
|  99|0x00000000c6300000, 0x00000000c6300000, 0x00000000c6400000|  0%| F|  |TAMS 0x00000000c6300000, 0x00000000c6300000| Untracked 
| 100|0x00000000c6400000, 0x00000000c6400000, 0x00000000c6500000|  0%| F|  |TAMS 0x00000000c6400000, 0x00000000c6400000| Untracked 
| 101|0x00000000c6500000, 0x00000000c6500000, 0x00000000c6600000|  0%| F|  |TAMS 0x00000000c6500000, 0x00000000c6500000| Untracked 
| 102|0x00000000c6600000, 0x00000000c6600000, 0x00000000c6700000|  0%| F|  |TAMS 0x00000000c6600000, 0x00000000c6600000| Untracked 
| 103|0x00000000c6700000, 0x00000000c6700000, 0x00000000c6800000|  0%| F|  |TAMS 0x00000000c6700000, 0x00000000c6700000| Untracked 
| 104|0x00000000c6800000, 0x00000000c6800000, 0x00000000c6900000|  0%| F|  |TAMS 0x00000000c6800000, 0x00000000c6800000| Untracked 
| 105|0x00000000c6900000, 0x00000000c6900000, 0x00000000c6a00000|  0%| F|  |TAMS 0x00000000c6900000, 0x00000000c6900000| Untracked 
| 106|0x00000000c6a00000, 0x00000000c6a00000, 0x00000000c6b00000|  0%| F|  |TAMS 0x00000000c6a00000, 0x00000000c6a00000| Untracked 
| 107|0x00000000c6b00000, 0x00000000c6b00000, 0x00000000c6c00000|  0%| F|  |TAMS 0x00000000c6b00000, 0x00000000c6b00000| Untracked 
| 108|0x00000000c6c00000, 0x00000000c6c00000, 0x00000000c6d00000|  0%| F|  |TAMS 0x00000000c6c00000, 0x00000000c6c00000| Untracked 
| 109|0x00000000c6d00000, 0x00000000c6d00000, 0x00000000c6e00000|  0%| F|  |TAMS 0x00000000c6d00000, 0x00000000c6d00000| Untracked 
| 110|0x00000000c6e00000, 0x00000000c6e00000, 0x00000000c6f00000|  0%| F|  |TAMS 0x00000000c6e00000, 0x00000000c6e00000| Untracked 
| 111|0x00000000c6f00000, 0x00000000c6f00000, 0x00000000c7000000|  0%| F|  |TAMS 0x00000000c6f00000, 0x00000000c6f00000| Untracked 
| 112|0x00000000c7000000, 0x00000000c7000000, 0x00000000c7100000|  0%| F|  |TAMS 0x00000000c7000000, 0x00000000c7000000| Untracked 
| 113|0x00000000c7100000, 0x00000000c7100000, 0x00000000c7200000|  0%| F|  |TAMS 0x00000000c7100000, 0x00000000c7100000| Untracked 
| 114|0x00000000c7200000, 0x00000000c7200000, 0x00000000c7300000|  0%| F|  |TAMS 0x00000000c7200000, 0x00000000c7200000| Untracked 
| 115|0x00000000c7300000, 0x00000000c7300000, 0x00000000c7400000|  0%| F|  |TAMS 0x00000000c7300000, 0x00000000c7300000| Untracked 
| 116|0x00000000c7400000, 0x00000000c7400000, 0x00000000c7500000|  0%| F|  |TAMS 0x00000000c7400000, 0x00000000c7400000| Untracked 
| 117|0x00000000c7500000, 0x00000000c7500000, 0x00000000c7600000|  0%| F|  |TAMS 0x00000000c7500000, 0x00000000c7500000| Untracked 
| 118|0x00000000c7600000, 0x00000000c7600000, 0x00000000c7700000|  0%| F|  |TAMS 0x00000000c7600000, 0x00000000c7600000| Untracked 
| 119|0x00000000c7700000, 0x00000000c7700000, 0x00000000c7800000|  0%| F|  |TAMS 0x00000000c7700000, 0x00000000c7700000| Untracked 
| 120|0x00000000c7800000, 0x00000000c7800000, 0x00000000c7900000|  0%| F|  |TAMS 0x00000000c7800000, 0x00000000c7800000| Untracked 
| 121|0x00000000c7900000, 0x00000000c7900000, 0x00000000c7a00000|  0%| F|  |TAMS 0x00000000c7900000, 0x00000000c7900000| Untracked 
| 122|0x00000000c7a00000, 0x00000000c7a00000, 0x00000000c7b00000|  0%| F|  |TAMS 0x00000000c7a00000, 0x00000000c7a00000| Untracked 
| 123|0x00000000c7b00000, 0x00000000c7b00000, 0x00000000c7c00000|  0%| F|  |TAMS 0x00000000c7b00000, 0x00000000c7b00000| Untracked 
| 124|0x00000000c7c00000, 0x00000000c7c00000, 0x00000000c7d00000|  0%| F|  |TAMS 0x00000000c7c00000, 0x00000000c7c00000| Untracked 
| 125|0x00000000c7d00000, 0x00000000c7d00000, 0x00000000c7e00000|  0%| F|  |TAMS 0x00000000c7d00000, 0x00000000c7d00000| Untracked 
| 126|0x00000000c7e00000, 0x00000000c7e0ce18, 0x00000000c7f00000|  5%| E|  |TAMS 0x00000000c7e00000, 0x00000000c7e00000| Complete 

Card table byte_map: [0x000001a742cb0000,0x000001a742eb0000] _byte_map_base: 0x000001a7426b0000

Marking Bits (Prev, Next): (CMBitMap*) 0x000001a73cd56460, (CMBitMap*) 0x000001a73cd564a0
 Prev Bits: [0x000001a7430b0000, 0x000001a7440b0000)
 Next Bits: [0x000001a7440b0000, 0x000001a7450b0000)

Polling page: 0x000001a73c4c0000

Metaspace:

Usage:
  Non-class:     50.81 MB used.
      Class:      7.24 MB used.
       Both:     58.05 MB used.

Virtual space:
  Non-class space:       64.00 MB reserved,      51.00 MB ( 80%) committed,  1 nodes.
      Class space:        1.00 GB reserved,       7.44 MB ( <1%) committed,  1 nodes.
             Both:        1.06 GB reserved,      58.44 MB (  5%) committed. 

Chunk freelists:
   Non-Class:  12.65 MB
       Class:  8.42 MB
        Both:  21.07 MB

MaxMetaspaceSize: unlimited
CompressedClassSpaceSize: 1.00 GB
Initial GC threshold: 21.00 MB
Current GC threshold: 97.44 MB
CDS: off
MetaspaceReclaimPolicy: balanced
 - commit_granule_bytes: 65536.
 - commit_granule_words: 8192.
 - virtual_space_node_default_size: 8388608.
 - enlarge_chunks_in_place: 1.
 - new_chunks_are_fully_committed: 0.
 - uncommit_free_chunks: 1.
 - use_allocation_guard: 0.
 - handle_deallocations: 1.


Internal statistics:

num_allocs_failed_limit: 8.
num_arena_births: 750.
num_arena_deaths: 278.
num_vsnodes_births: 2.
num_vsnodes_deaths: 0.
num_space_committed: 935.
num_space_uncommitted: 0.
num_chunks_returned_to_freelist: 319.
num_chunks_taken_from_freelist: 2707.
num_chunk_merges: 100.
num_chunk_splits: 1797.
num_chunks_enlarged: 1387.
num_inconsistent_stats: 0.

CodeCache: size=49152Kb used=12542Kb max_used=14036Kb free=36609Kb
 bounds [0x000001a73f9a0000, 0x000001a740760000, 0x000001a7429a0000]
 total_blobs=7437 nmethods=6755 adapters=609
 compilation: enabled
              stopped_count=0, restarted_count=0
 full_count=0

Compilation events (20 events):
Event: 5320.065 Thread 0x000001a747bff970 6742       1       org.eclipse.lsp4j.jsonrpc.messages.IdentifiableMessage::<init> (5 bytes)
Event: 5320.065 Thread 0x000001a747bff970 nmethod 6742 0x000001a7405c3190 code [0x000001a7405c3320, 0x000001a7405c3438]
Event: 5320.065 Thread 0x000001a747bff970 6743       1       org.eclipse.lsp4j.jsonrpc.messages.ResponseMessage::setResult (6 bytes)
Event: 5320.065 Thread 0x000001a747bff970 nmethod 6743 0x000001a7405c2e90 code [0x000001a7405c3020, 0x000001a7405c3138]
Event: 5320.065 Thread 0x000001a747bff970 6744       1       org.eclipse.lsp4j.jsonrpc.messages.ResponseMessage::getError (5 bytes)
Event: 5320.065 Thread 0x000001a747bff970 nmethod 6744 0x000001a7405c2b90 code [0x000001a7405c2d20, 0x000001a7405c2df8]
Event: 5320.065 Thread 0x000001a747bff970 6745       1       org.eclipse.lsp4j.jsonrpc.messages.ResponseMessage::getResult (5 bytes)
Event: 5320.065 Thread 0x000001a747bff970 nmethod 6745 0x000001a7405c2890 code [0x000001a7405c2a20, 0x000001a7405c2af8]
Event: 5320.066 Thread 0x000001a747bff970 6746       1       com.google.common.base.Equivalence::equivalent (24 bytes)
Event: 5320.066 Thread 0x000001a747bff970 nmethod 6746 0x000001a7405c2490 code [0x000001a7405c2640, 0x000001a7405c27a8]
Event: 5333.758 Thread 0x000001a747bff970 6747       1       java.util.concurrent.CompletableFuture::uniApplyStage (54 bytes)
Event: 5333.759 Thread 0x000001a747bff970 nmethod 6747 0x000001a7405c1d10 code [0x000001a7405c1ee0, 0x000001a7405c2308]
Event: 5426.100 Thread 0x000001a747bff970 6752       1       com.google.common.cache.LocalCache$Segment::postReadCleanup (18 bytes)
Event: 5426.101 Thread 0x000001a747bff970 nmethod 6752 0x000001a7405c0c10 code [0x000001a7405c0dc0, 0x000001a7405c0f68]
Event: 5426.101 Thread 0x000001a747bff970 6753       1       com.google.common.cache.LocalCache$2::peek (2 bytes)
Event: 5426.101 Thread 0x000001a747bff970 nmethod 6753 0x000001a7405c0910 code [0x000001a7405c0aa0, 0x000001a7405c0b78]
Event: 5426.121 Thread 0x000001a747bff970 6754       1       ch.qos.logback.classic.Logger::filterAndLog_0_Or3Plus (61 bytes)
Event: 5426.122 Thread 0x000001a747bff970 nmethod 6754 0x000001a7405c0110 code [0x000001a7405c0300, 0x000001a7405c0678]
Event: 5426.130 Thread 0x000001a747bff970 6755       1       java.lang.invoke.LambdaFormEditor::oldSpeciesData (8 bytes)
Event: 5426.131 Thread 0x000001a747bff970 nmethod 6755 0x000001a7405bfc90 code [0x000001a7405bfe40, 0x000001a7405bffd8]

GC Heap History (20 events):
Event: 5579.424 GC heap before
{Heap before GC invocations=486 (full 471):
 garbage-first heap   total 130048K, used 38187K [0x00000000c0000000, 0x0000000100000000)
  region size 1024K, 1 young (1024K), 0 survivors (0K)
 Metaspace       used 59444K, committed 59840K, reserved 1114112K
  class space    used 7411K, committed 7616K, reserved 1048576K
}
Event: 5579.453 GC heap after
{Heap after GC invocations=487 (full 472):
 garbage-first heap   total 130048K, used 38187K [0x00000000c0000000, 0x0000000100000000)
  region size 1024K, 0 young (0K), 0 survivors (0K)
 Metaspace       used 59444K, committed 59840K, reserved 1114112K
  class space    used 7411K, committed 7616K, reserved 1048576K
}
Event: 5589.630 GC heap before
{Heap before GC invocations=487 (full 472):
 garbage-first heap   total 130048K, used 38187K [0x00000000c0000000, 0x0000000100000000)
  region size 1024K, 1 young (1024K), 0 survivors (0K)
 Metaspace       used 59444K, committed 59840K, reserved 1114112K
  class space    used 7411K, committed 7616K, reserved 1048576K
}
Event: 5589.663 GC heap after
{Heap after GC invocations=488 (full 473):
 garbage-first heap   total 130048K, used 38187K [0x00000000c0000000, 0x0000000100000000)
  region size 1024K, 0 young (0K), 0 survivors (0K)
 Metaspace       used 59444K, committed 59840K, reserved 1114112K
  class space    used 7411K, committed 7616K, reserved 1048576K
}
Event: 5601.465 GC heap before
{Heap before GC invocations=488 (full 473):
 garbage-first heap   total 130048K, used 38187K [0x00000000c0000000, 0x0000000100000000)
  region size 1024K, 1 young (1024K), 0 survivors (0K)
 Metaspace       used 59444K, committed 59840K, reserved 1114112K
  class space    used 7411K, committed 7616K, reserved 1048576K
}
Event: 5601.503 GC heap after
{Heap after GC invocations=489 (full 474):
 garbage-first heap   total 130048K, used 38187K [0x00000000c0000000, 0x0000000100000000)
  region size 1024K, 0 young (0K), 0 survivors (0K)
 Metaspace       used 59444K, committed 59840K, reserved 1114112K
  class space    used 7411K, committed 7616K, reserved 1048576K
}
Event: 5611.674 GC heap before
{Heap before GC invocations=489 (full 474):
 garbage-first heap   total 130048K, used 38187K [0x00000000c0000000, 0x0000000100000000)
  region size 1024K, 1 young (1024K), 0 survivors (0K)
 Metaspace       used 59444K, committed 59840K, reserved 1114112K
  class space    used 7411K, committed 7616K, reserved 1048576K
}
Event: 5611.706 GC heap after
{Heap after GC invocations=490 (full 475):
 garbage-first heap   total 130048K, used 38187K [0x00000000c0000000, 0x0000000100000000)
  region size 1024K, 0 young (0K), 0 survivors (0K)
 Metaspace       used 59444K, committed 59840K, reserved 1114112K
  class space    used 7411K, committed 7616K, reserved 1048576K
}
Event: 5621.973 GC heap before
{Heap before GC invocations=490 (full 475):
 garbage-first heap   total 130048K, used 38187K [0x00000000c0000000, 0x0000000100000000)
  region size 1024K, 1 young (1024K), 0 survivors (0K)
 Metaspace       used 59444K, committed 59840K, reserved 1114112K
  class space    used 7411K, committed 7616K, reserved 1048576K
}
Event: 5621.995 GC heap after
{Heap after GC invocations=491 (full 476):
 garbage-first heap   total 130048K, used 38187K [0x00000000c0000000, 0x0000000100000000)
  region size 1024K, 0 young (0K), 0 survivors (0K)
 Metaspace       used 59444K, committed 59840K, reserved 1114112K
  class space    used 7411K, committed 7616K, reserved 1048576K
}
Event: 5632.351 GC heap before
{Heap before GC invocations=491 (full 476):
 garbage-first heap   total 130048K, used 38187K [0x00000000c0000000, 0x0000000100000000)
  region size 1024K, 1 young (1024K), 0 survivors (0K)
 Metaspace       used 59444K, committed 59840K, reserved 1114112K
  class space    used 7411K, committed 7616K, reserved 1048576K
}
Event: 5632.376 GC heap after
{Heap after GC invocations=492 (full 477):
 garbage-first heap   total 130048K, used 38187K [0x00000000c0000000, 0x0000000100000000)
  region size 1024K, 0 young (0K), 0 survivors (0K)
 Metaspace       used 59444K, committed 59840K, reserved 1114112K
  class space    used 7411K, committed 7616K, reserved 1048576K
}
Event: 5642.714 GC heap before
{Heap before GC invocations=492 (full 477):
 garbage-first heap   total 130048K, used 38187K [0x00000000c0000000, 0x0000000100000000)
  region size 1024K, 1 young (1024K), 0 survivors (0K)
 Metaspace       used 59444K, committed 59840K, reserved 1114112K
  class space    used 7411K, committed 7616K, reserved 1048576K
}
Event: 5642.740 GC heap after
{Heap after GC invocations=493 (full 478):
 garbage-first heap   total 130048K, used 38187K [0x00000000c0000000, 0x0000000100000000)
  region size 1024K, 0 young (0K), 0 survivors (0K)
 Metaspace       used 59444K, committed 59840K, reserved 1114112K
  class space    used 7411K, committed 7616K, reserved 1048576K
}
Event: 5653.108 GC heap before
{Heap before GC invocations=493 (full 478):
 garbage-first heap   total 130048K, used 38187K [0x00000000c0000000, 0x0000000100000000)
  region size 1024K, 1 young (1024K), 0 survivors (0K)
 Metaspace       used 59444K, committed 59840K, reserved 1114112K
  class space    used 7411K, committed 7616K, reserved 1048576K
}
Event: 5653.140 GC heap after
{Heap after GC invocations=494 (full 479):
 garbage-first heap   total 130048K, used 38187K [0x00000000c0000000, 0x0000000100000000)
  region size 1024K, 0 young (0K), 0 survivors (0K)
 Metaspace       used 59444K, committed 59840K, reserved 1114112K
  class space    used 7411K, committed 7616K, reserved 1048576K
}
Event: 5663.660 GC heap before
{Heap before GC invocations=494 (full 479):
 garbage-first heap   total 130048K, used 38187K [0x00000000c0000000, 0x0000000100000000)
  region size 1024K, 1 young (1024K), 0 survivors (0K)
 Metaspace       used 59444K, committed 59840K, reserved 1114112K
  class space    used 7411K, committed 7616K, reserved 1048576K
}
Event: 5663.685 GC heap after
{Heap after GC invocations=495 (full 480):
 garbage-first heap   total 130048K, used 38187K [0x00000000c0000000, 0x0000000100000000)
  region size 1024K, 0 young (0K), 0 survivors (0K)
 Metaspace       used 59444K, committed 59840K, reserved 1114112K
  class space    used 7411K, committed 7616K, reserved 1048576K
}
Event: 5674.009 GC heap before
{Heap before GC invocations=495 (full 480):
 garbage-first heap   total 130048K, used 38187K [0x00000000c0000000, 0x0000000100000000)
  region size 1024K, 1 young (1024K), 0 survivors (0K)
 Metaspace       used 59444K, committed 59840K, reserved 1114112K
  class space    used 7411K, committed 7616K, reserved 1048576K
}
Event: 5674.028 GC heap after
{Heap after GC invocations=496 (full 481):
 garbage-first heap   total 130048K, used 38187K [0x00000000c0000000, 0x0000000100000000)
  region size 1024K, 0 young (0K), 0 survivors (0K)
 Metaspace       used 59444K, committed 59840K, reserved 1114112K
  class space    used 7411K, committed 7616K, reserved 1048576K
}

Dll operation events (10 events):
Event: 0.008 Loaded shared library c:\Users\Playdata\.vscode\extensions\redhat.java-1.31.0-win32-x64\jre\17.0.11-win32-x86_64\bin\java.dll
Event: 0.514 Loaded shared library C:\Users\Playdata\.vscode\extensions\redhat.java-1.31.0-win32-x64\jre\17.0.11-win32-x86_64\bin\net.dll
Event: 0.516 Loaded shared library C:\Users\Playdata\.vscode\extensions\redhat.java-1.31.0-win32-x64\jre\17.0.11-win32-x86_64\bin\nio.dll
Event: 1.400 Loaded shared library C:\Users\Playdata\.vscode\extensions\redhat.java-1.31.0-win32-x64\jre\17.0.11-win32-x86_64\bin\zip.dll
Event: 11.360 Loaded shared library C:\Users\Playdata\.vscode\extensions\redhat.java-1.31.0-win32-x64\jre\17.0.11-win32-x86_64\bin\jimage.dll
Event: 12.539 Loaded shared library c:\Users\Playdata\.vscode\extensions\redhat.java-1.31.0-win32-x64\jre\17.0.11-win32-x86_64\bin\verify.dll
Event: 16.540 Loaded shared library C:\Users\Playdata\.vscode\extensions\redhat.java-1.31.0-win32-x64\jre\17.0.11-win32-x86_64\bin\management.dll
Event: 16.543 Loaded shared library C:\Users\Playdata\.vscode\extensions\redhat.java-1.31.0-win32-x64\jre\17.0.11-win32-x86_64\bin\management_ext.dll
Event: 17.725 Loaded shared library C:\Users\Playdata\.vscode\extensions\redhat.java-1.31.0-win32-x64\jre\17.0.11-win32-x86_64\bin\sunmscapi.dll
Event: 17.924 Loaded shared library C:\Users\Playdata\.vscode\extensions\redhat.java-1.31.0-win32-x64\jre\17.0.11-win32-x86_64\bin\extnet.dll

Deoptimization events (20 events):
Event: 17.809 Thread 0x000001a74d70cb50 DEOPT PACKING pc=0x000001a73fafdf8c sp=0x0000006e7a9faeb0
Event: 17.809 Thread 0x000001a74d70cb50 DEOPT UNPACKING pc=0x000001a73f9face3 sp=0x0000006e7a9fa378 mode 0
Event: 17.986 Thread 0x000001a74c7d0d40 DEOPT PACKING pc=0x000001a740117024 sp=0x0000006e7a0feec0
Event: 17.986 Thread 0x000001a74c7d0d40 DEOPT UNPACKING pc=0x000001a73f9face3 sp=0x0000006e7a0fe3a8 mode 0
Event: 17.986 Thread 0x000001a74c7d1250 DEOPT PACKING pc=0x000001a740117024 sp=0x0000006e7a2fed40
Event: 17.986 Thread 0x000001a74c7d1250 DEOPT UNPACKING pc=0x000001a73f9face3 sp=0x0000006e7a2fe228 mode 0
Event: 86.932 Thread 0x000001a74c7b57e0 DEOPT PACKING pc=0x000001a74003bb54 sp=0x0000006e797ff0b0
Event: 86.932 Thread 0x000001a74c7b57e0 DEOPT UNPACKING pc=0x000001a73f9face3 sp=0x0000006e797fe558 mode 0
Event: 1010.308 Thread 0x000001a74c7cfe10 DEOPT PACKING pc=0x000001a74025000c sp=0x0000006e79dfe230
Event: 1010.308 Thread 0x000001a74c7cfe10 DEOPT UNPACKING pc=0x000001a73f9face3 sp=0x0000006e79dfd798 mode 0
Event: 1010.308 Thread 0x000001a74c7cfe10 DEOPT PACKING pc=0x000001a7403dab4c sp=0x0000006e79dfe360
Event: 1010.308 Thread 0x000001a74c7cfe10 DEOPT UNPACKING pc=0x000001a73f9face3 sp=0x0000006e79dfd840 mode 0
Event: 1010.308 Thread 0x000001a74c7cfe10 DEOPT PACKING pc=0x000001a74025000c sp=0x0000006e79dfe490
Event: 1010.308 Thread 0x000001a74c7cfe10 DEOPT UNPACKING pc=0x000001a73f9face3 sp=0x0000006e79dfd9f8 mode 0
Event: 1010.308 Thread 0x000001a74c7cfe10 DEOPT PACKING pc=0x000001a7403dab4c sp=0x0000006e79dfe5c0
Event: 1010.308 Thread 0x000001a74c7cfe10 DEOPT UNPACKING pc=0x000001a73f9face3 sp=0x0000006e79dfdab8 mode 0
Event: 1010.313 Thread 0x000001a74c7cfe10 DEOPT PACKING pc=0x000001a74025000c sp=0x0000006e79dfe930
Event: 1010.313 Thread 0x000001a74c7cfe10 DEOPT UNPACKING pc=0x000001a73f9face3 sp=0x0000006e79dfde98 mode 0
Event: 1010.313 Thread 0x000001a74c7cfe10 DEOPT PACKING pc=0x000001a7403dab4c sp=0x0000006e79dfea60
Event: 1010.313 Thread 0x000001a74c7cfe10 DEOPT UNPACKING pc=0x000001a73f9face3 sp=0x0000006e79dfdf58 mode 0

Classes unloaded (20 events):
Event: 2098.583 Thread 0x000001a747b7ad70 Unloading class 0x00000001003a9400 'java/lang/invoke/LambdaForm$MH+0x00000001003a9400'
Event: 2098.583 Thread 0x000001a747b7ad70 Unloading class 0x00000001003aa000 'java/lang/invoke/LambdaForm$MH+0x00000001003aa000'
Event: 2098.583 Thread 0x000001a747b7ad70 Unloading class 0x00000001003ab400 'java/lang/invoke/LambdaForm$MH+0x00000001003ab400'
Event: 2098.583 Thread 0x000001a747b7ad70 Unloading class 0x00000001003b8800 'java/lang/invoke/LambdaForm$MH+0x00000001003b8800'
Event: 2098.583 Thread 0x000001a747b7ad70 Unloading class 0x00000001003b9800 'java/lang/invoke/LambdaForm$MH+0x00000001003b9800'
Event: 2098.583 Thread 0x000001a747b7ad70 Unloading class 0x0000000100410000 'java/lang/invoke/LambdaForm$MH+0x0000000100410000'
Event: 2098.583 Thread 0x000001a747b7ad70 Unloading class 0x0000000100410800 'java/lang/invoke/LambdaForm$MH+0x0000000100410800'
Event: 2098.583 Thread 0x000001a747b7ad70 Unloading class 0x00000001003b1c00 'java/lang/invoke/LambdaForm$MH+0x00000001003b1c00'
Event: 2098.583 Thread 0x000001a747b7ad70 Unloading class 0x00000001003b2c00 'java/lang/invoke/LambdaForm$MH+0x00000001003b2c00'
Event: 2098.583 Thread 0x000001a747b7ad70 Unloading class 0x00000001003bc800 'java/lang/invoke/LambdaForm$MH+0x00000001003bc800'
Event: 2098.583 Thread 0x000001a747b7ad70 Unloading class 0x0000000100521800 'java/lang/invoke/LambdaForm$MH+0x0000000100521800'
Event: 2098.583 Thread 0x000001a747b7ad70 Unloading class 0x0000000100558000 'java/lang/invoke/LambdaForm$MH+0x0000000100558000'
Event: 2098.583 Thread 0x000001a747b7ad70 Unloading class 0x000000010056d000 'java/lang/invoke/LambdaForm$MH+0x000000010056d000'
Event: 3007.295 Thread 0x000001a747b7ad70 Unloading class 0x000000010056d000 'java/lang/invoke/LambdaForm$MH+0x000000010056d000'
Event: 3007.295 Thread 0x000001a747b7ad70 Unloading class 0x0000000100558000 'java/lang/invoke/LambdaForm$MH+0x0000000100558000'
Event: 3007.295 Thread 0x000001a747b7ad70 Unloading class 0x0000000100521800 'java/lang/invoke/LambdaForm$MH+0x0000000100521800'
Event: 3007.295 Thread 0x000001a747b7ad70 Unloading class 0x00000001003bc800 'java/lang/invoke/LambdaForm$MH+0x00000001003bc800'
Event: 5518.260 Thread 0x000001a747b7ad70 Unloading class 0x0000000100791000 'java/lang/invoke/LambdaForm$MH+0x0000000100791000'
Event: 5518.260 Thread 0x000001a747b7ad70 Unloading class 0x0000000100790c00 'java/lang/invoke/LambdaForm$MH+0x0000000100790c00'
Event: 5518.260 Thread 0x000001a747b7ad70 Unloading class 0x0000000100790800 'java/lang/invoke/LambdaForm$MH+0x0000000100790800'

Classes redefined (0 events):
No events

Internal exceptions (20 events):
Event: 319.090 Thread 0x000001a74d70d060 Exception <a 'java/io/IOException'{0x00000000c81dea68}> (0x00000000c81dea68) 
thrown [s\src\hotspot\share\prims\jni.cpp, line 516]
Event: 1170.714 Thread 0x000001a74d65cfb0 Exception <a 'sun/nio/fs/WindowsException'{0x00000000c7e24c80}> (0x00000000c7e24c80) 
thrown [s\src\hotspot\share\prims\jni.cpp, line 516]
Event: 1170.714 Thread 0x000001a74d65cfb0 Exception <a 'sun/nio/fs/WindowsException'{0x00000000c7e25310}> (0x00000000c7e25310) 
thrown [s\src\hotspot\share\prims\jni.cpp, line 516]
Event: 2004.753 Thread 0x000001a74d65cfb0 Exception <a 'sun/nio/fs/WindowsException'{0x00000000c7e242f0}> (0x00000000c7e242f0) 
thrown [s\src\hotspot\share\prims\jni.cpp, line 516]
Event: 2004.754 Thread 0x000001a74d65cfb0 Exception <a 'sun/nio/fs/WindowsException'{0x00000000c7e24980}> (0x00000000c7e24980) 
thrown [s\src\hotspot\share\prims\jni.cpp, line 516]
Event: 2017.033 Thread 0x000001a74d65cfb0 Exception <a 'sun/nio/fs/WindowsException'{0x00000000c7e2b648}> (0x00000000c7e2b648) 
thrown [s\src\hotspot\share\prims\jni.cpp, line 516]
Event: 2017.033 Thread 0x000001a74d65cfb0 Exception <a 'sun/nio/fs/WindowsException'{0x00000000c7e2bcb0}> (0x00000000c7e2bcb0) 
thrown [s\src\hotspot\share\prims\jni.cpp, line 516]
Event: 2017.972 Thread 0x000001a74d65cfb0 Exception <a 'sun/nio/fs/WindowsException'{0x00000000c7e34378}> (0x00000000c7e34378) 
thrown [s\src\hotspot\share\prims\jni.cpp, line 516]
Event: 2017.972 Thread 0x000001a74d65cfb0 Exception <a 'sun/nio/fs/WindowsException'{0x00000000c7e349e0}> (0x00000000c7e349e0) 
thrown [s\src\hotspot\share\prims\jni.cpp, line 516]
Event: 2189.529 Thread 0x000001a74d65cfb0 Exception <a 'sun/nio/fs/WindowsException'{0x00000000c7b06498}> (0x00000000c7b06498) 
thrown [s\src\hotspot\share\prims\jni.cpp, line 516]
Event: 2189.530 Thread 0x000001a74d65cfb0 Exception <a 'sun/nio/fs/WindowsException'{0x00000000c7b06b28}> (0x00000000c7b06b28) 
thrown [s\src\hotspot\share\prims\jni.cpp, line 516]
Event: 2447.027 Thread 0x000001a74d65cfb0 Exception <a 'sun/nio/fs/WindowsException'{0x00000000c7b90818}> (0x00000000c7b90818) 
thrown [s\src\hotspot\share\prims\jni.cpp, line 516]
Event: 2447.027 Thread 0x000001a74d65cfb0 Exception <a 'sun/nio/fs/WindowsException'{0x00000000c7b90ea8}> (0x00000000c7b90ea8) 
thrown [s\src\hotspot\share\prims\jni.cpp, line 516]
Event: 2922.280 Thread 0x000001a74c7cfe10 Exception <a 'java/lang/NoSuchMethodError'{0x00000000c6638870}: 'java.lang.Object java.lang.invoke.DirectMethodHandle$Holder.newInvokeSpecial(java.lang.Object, java.lang.Object, java.lang.Object, int)'> (0x00000000c6638870) 
thrown [s\src\hotspot\share\interpreter\linkResolver.cpp, line 759]
Event: 2922.280 Thread 0x000001a74c7cfe10 Exception <a 'java/lang/NoSuchMethodError'{0x00000000c663cb58}: 'java.lang.Object java.lang.invoke.DirectMethodHandle$Holder.invokeSpecial(java.lang.Object, java.lang.Object, java.lang.Object, java.lang.Object, int)'> (0x00000000c663cb58) 
thrown [s\src\hotspot\share\interpreter\linkResolver.cpp, line 759]
Event: 2922.280 Thread 0x000001a74c7cfe10 Exception <a 'java/lang/NoSuchMethodError'{0x00000000c6640720}: 'java.lang.Object java.lang.invoke.Invokers$Holder.linkToTargetMethod(java.lang.Object, java.lang.Object, int, java.lang.Object)'> (0x00000000c6640720) 
thrown [s\src\hotspot\share\interpreter\linkResolver.cpp, line 759]
Event: 4268.357 Thread 0x000001a74d65cfb0 Exception <a 'sun/nio/fs/WindowsException'{0x00000000c7e1ace0}> (0x00000000c7e1ace0) 
thrown [s\src\hotspot\share\prims\jni.cpp, line 516]
Event: 4268.357 Thread 0x000001a74d65cfb0 Exception <a 'sun/nio/fs/WindowsException'{0x00000000c7e1b370}> (0x00000000c7e1b370) 
thrown [s\src\hotspot\share\prims\jni.cpp, line 516]
Event: 4691.058 Thread 0x000001a74d65cfb0 Exception <a 'sun/nio/fs/WindowsException'{0x00000000c7e14678}> (0x00000000c7e14678) 
thrown [s\src\hotspot\share\prims\jni.cpp, line 516]
Event: 4691.058 Thread 0x000001a74d65cfb0 Exception <a 'sun/nio/fs/WindowsException'{0x00000000c7e14d08}> (0x00000000c7e14d08) 
thrown [s\src\hotspot\share\prims\jni.cpp, line 516]

VM Operations (20 events):
Event: 5579.453 Executing VM operation: G1CollectFull done
Event: 5589.629 Executing VM operation: G1CollectFull
Event: 5589.664 Executing VM operation: G1CollectFull done
Event: 5601.464 Executing VM operation: G1CollectFull
Event: 5601.503 Executing VM operation: G1CollectFull done
Event: 5611.673 Executing VM operation: G1CollectFull
Event: 5611.706 Executing VM operation: G1CollectFull done
Event: 5621.972 Executing VM operation: G1CollectFull
Event: 5621.996 Executing VM operation: G1CollectFull done
Event: 5632.351 Executing VM operation: G1CollectFull
Event: 5632.376 Executing VM operation: G1CollectFull done
Event: 5642.713 Executing VM operation: G1CollectFull
Event: 5642.740 Executing VM operation: G1CollectFull done
Event: 5653.103 Executing VM operation: G1CollectFull
Event: 5653.140 Executing VM operation: G1CollectFull done
Event: 5663.660 Executing VM operation: G1CollectFull
Event: 5663.685 Executing VM operation: G1CollectFull done
Event: 5674.009 Executing VM operation: G1CollectFull
Event: 5674.028 Executing VM operation: G1CollectFull done
Event: 5684.464 Executing VM operation: G1CollectFull

Events (20 events):
Event: 2923.109 Thread 0x000001a74e5ccf60 Thread exited: 0x000001a74e5ccf60
Event: 2923.215 Thread 0x000001a74d70c640 Thread added: 0x000001a74d70c640
Event: 2923.999 Thread 0x000001a74d707a50 Thread added: 0x000001a74d707a50
Event: 2924.000 Thread 0x000001a74e1829c0 Thread exited: 0x000001a74e1829c0
Event: 2984.067 Thread 0x000001a74d70bc20 Thread exited: 0x000001a74d70bc20
Event: 2984.067 Thread 0x000001a74d70d570 Thread exited: 0x000001a74d70d570
Event: 2986.526 Thread 0x000001a74d70c640 Thread exited: 0x000001a74d70c640
Event: 2986.541 Thread 0x000001a74d707a50 Thread exited: 0x000001a74d707a50
Event: 5319.764 Thread 0x000001a74d70a2d0 Thread added: 0x000001a74d70a2d0
Event: 5319.764 Thread 0x000001a74d707a50 Thread added: 0x000001a74d707a50
Event: 5319.765 Thread 0x000001a74d7098b0 Thread added: 0x000001a74d7098b0
Event: 5320.064 Thread 0x000001a74d70c640 Thread added: 0x000001a74d70c640
Event: 5379.789 Thread 0x000001a74d7098b0 Thread exited: 0x000001a74d7098b0
Event: 5380.066 Thread 0x000001a74d70a2d0 Thread exited: 0x000001a74d70a2d0
Event: 5380.066 Thread 0x000001a74d707a50 Thread exited: 0x000001a74d707a50
Event: 5393.767 Thread 0x000001a74d70c640 Thread exited: 0x000001a74d70c640
Event: 5426.094 Thread 0x000001a74d70acf0 Thread added: 0x000001a74d70acf0
Event: 5426.100 Thread 0x000001a74d70a7e0 Thread added: 0x000001a74d70a7e0
Event: 5486.124 Thread 0x000001a74d70a7e0 Thread exited: 0x000001a74d70a7e0
Event: 5486.575 Thread 0x000001a74d70acf0 Thread exited: 0x000001a74d70acf0


Dynamic libraries:
0x00007ff7d1320000 - 0x00007ff7d132e000 	c:\Users\Playdata\.vscode\extensions\redhat.java-1.31.0-win32-x64\jre\17.0.11-win32-x86_64\bin\java.exe
0x00007ff8d2e50000 - 0x00007ff8d3067000 	C:\WINDOWS\SYSTEM32\ntdll.dll
0x00007ff8d0fd0000 - 0x00007ff8d1094000 	C:\WINDOWS\System32\KERNEL32.DLL
0x00007ff8d05b0000 - 0x00007ff8d095c000 	C:\WINDOWS\System32\KERNELBASE.dll
0x00007ff8d0a70000 - 0x00007ff8d0b81000 	C:\WINDOWS\System32\ucrtbase.dll
0x00007ff87bf00000 - 0x00007ff87bf17000 	c:\Users\Playdata\.vscode\extensions\redhat.java-1.31.0-win32-x64\jre\17.0.11-win32-x86_64\bin\jli.dll
0x00007ff8d2c60000 - 0x00007ff8d2e0e000 	C:\WINDOWS\System32\USER32.dll
0x00007ff8d0460000 - 0x00007ff8d0486000 	C:\WINDOWS\System32\win32u.dll
0x00007ff8d1340000 - 0x00007ff8d1369000 	C:\WINDOWS\System32\GDI32.dll
0x00007ff8d0490000 - 0x00007ff8d05a9000 	C:\WINDOWS\System32\gdi32full.dll
0x00007ff8d0960000 - 0x00007ff8d09fa000 	C:\WINDOWS\System32\msvcp_win.dll
0x00007ff87bee0000 - 0x00007ff87befb000 	c:\Users\Playdata\.vscode\extensions\redhat.java-1.31.0-win32-x64\jre\17.0.11-win32-x86_64\bin\VCRUNTIME140.dll
0x00007ff8b9310000 - 0x00007ff8b95a3000 	C:\WINDOWS\WinSxS\amd64_microsoft.windows.common-controls_6595b64144ccf1df_6.0.22621.3672_none_2713b9d173822955\COMCTL32.dll
0x00007ff8d13d0000 - 0x00007ff8d1477000 	C:\WINDOWS\System32\msvcrt.dll
0x00007ff8d2b20000 - 0x00007ff8d2b51000 	C:\WINDOWS\System32\IMM32.DLL
0x00007ff8c9ba0000 - 0x00007ff8c9bac000 	c:\Users\Playdata\.vscode\extensions\redhat.java-1.31.0-win32-x64\jre\17.0.11-win32-x86_64\bin\vcruntime140_1.dll
0x00007ff8c49a0000 - 0x00007ff8c4a2d000 	c:\Users\Playdata\.vscode\extensions\redhat.java-1.31.0-win32-x64\jre\17.0.11-win32-x86_64\bin\msvcp140.dll
0x00007ff8738a0000 - 0x00007ff874502000 	c:\Users\Playdata\.vscode\extensions\redhat.java-1.31.0-win32-x64\jre\17.0.11-win32-x86_64\bin\server\jvm.dll
0x00007ff8d10a0000 - 0x00007ff8d1152000 	C:\WINDOWS\System32\ADVAPI32.dll
0x00007ff8d1480000 - 0x00007ff8d152a000 	C:\WINDOWS\System32\sechost.dll
0x00007ff8d03b0000 - 0x00007ff8d03d8000 	C:\WINDOWS\System32\bcrypt.dll
0x00007ff8d2370000 - 0x00007ff8d2485000 	C:\WINDOWS\System32\RPCRT4.dll
0x00007ff8d0040000 - 0x00007ff8d008d000 	C:\WINDOWS\SYSTEM32\POWRPROF.dll
0x00007ff8c3d10000 - 0x00007ff8c3d19000 	C:\WINDOWS\SYSTEM32\WSOCK32.dll
0x00007ff8d1160000 - 0x00007ff8d11d1000 	C:\WINDOWS\System32\WS2_32.dll
0x00007ff8c8af0000 - 0x00007ff8c8b24000 	C:\WINDOWS\SYSTEM32\WINMM.dll
0x00007ff8c65a0000 - 0x00007ff8c65aa000 	C:\WINDOWS\SYSTEM32\VERSION.dll
0x00007ff8d0020000 - 0x00007ff8d0033000 	C:\WINDOWS\SYSTEM32\UMPDC.dll
0x00007ff8cf170000 - 0x00007ff8cf188000 	C:\WINDOWS\SYSTEM32\kernel.appcore.dll
0x00007ff8c4990000 - 0x00007ff8c499a000 	c:\Users\Playdata\.vscode\extensions\redhat.java-1.31.0-win32-x64\jre\17.0.11-win32-x86_64\bin\jimage.dll
0x00007ff8cdaa0000 - 0x00007ff8cdcd2000 	C:\WINDOWS\SYSTEM32\DBGHELP.DLL
0x00007ff8d0c40000 - 0x00007ff8d0fc8000 	C:\WINDOWS\System32\combase.dll
0x00007ff8d2b60000 - 0x00007ff8d2c37000 	C:\WINDOWS\System32\OLEAUT32.dll
0x00007ff8abdf0000 - 0x00007ff8abe22000 	C:\WINDOWS\SYSTEM32\dbgcore.DLL
0x00007ff8d03e0000 - 0x00007ff8d045b000 	C:\WINDOWS\System32\bcryptPrimitives.dll
0x00007ff8c4950000 - 0x00007ff8c4975000 	c:\Users\Playdata\.vscode\extensions\redhat.java-1.31.0-win32-x64\jre\17.0.11-win32-x86_64\bin\java.dll
0x00007ff8c4930000 - 0x00007ff8c4948000 	c:\Users\Playdata\.vscode\extensions\redhat.java-1.31.0-win32-x64\jre\17.0.11-win32-x86_64\bin\zip.dll
0x00007ff8d1530000 - 0x00007ff8d1d8c000 	C:\WINDOWS\System32\SHELL32.dll
0x00007ff8ce080000 - 0x00007ff8ce977000 	C:\WINDOWS\SYSTEM32\windows.storage.dll
0x00007ff8cdf40000 - 0x00007ff8ce07f000 	C:\WINDOWS\SYSTEM32\wintypes.dll
0x00007ff8d1d90000 - 0x00007ff8d1e84000 	C:\WINDOWS\System32\SHCORE.dll
0x00007ff8d1370000 - 0x00007ff8d13ce000 	C:\WINDOWS\System32\shlwapi.dll
0x00007ff8d00b0000 - 0x00007ff8d00d1000 	C:\WINDOWS\SYSTEM32\profapi.dll
0x00007ff8c4910000 - 0x00007ff8c4929000 	C:\Users\Playdata\.vscode\extensions\redhat.java-1.31.0-win32-x64\jre\17.0.11-win32-x86_64\bin\net.dll
0x00007ff8c9f90000 - 0x00007ff8ca0c6000 	C:\WINDOWS\SYSTEM32\WINHTTP.dll
0x00007ff8cf5d0000 - 0x00007ff8cf639000 	C:\WINDOWS\system32\mswsock.dll
0x00007ff8c48f0000 - 0x00007ff8c4906000 	C:\Users\Playdata\.vscode\extensions\redhat.java-1.31.0-win32-x64\jre\17.0.11-win32-x86_64\bin\nio.dll
0x00007ff8c48e0000 - 0x00007ff8c48f0000 	c:\Users\Playdata\.vscode\extensions\redhat.java-1.31.0-win32-x64\jre\17.0.11-win32-x86_64\bin\verify.dll
0x00007ff8cf960000 - 0x00007ff8cf97b000 	C:\WINDOWS\SYSTEM32\CRYPTSP.dll
0x00007ff8cf0d0000 - 0x00007ff8cf105000 	C:\WINDOWS\system32\rsaenh.dll
0x00007ff8cf670000 - 0x00007ff8cf698000 	C:\WINDOWS\SYSTEM32\USERENV.dll
0x00007ff8cf900000 - 0x00007ff8cf90c000 	C:\WINDOWS\SYSTEM32\CRYPTBASE.dll
0x00007ff8cebd0000 - 0x00007ff8cebfd000 	C:\WINDOWS\SYSTEM32\IPHLPAPI.DLL
0x00007ff8d1f90000 - 0x00007ff8d1f99000 	C:\WINDOWS\System32\NSI.dll
0x00007ff8c9ea0000 - 0x00007ff8c9eb9000 	C:\WINDOWS\SYSTEM32\dhcpcsvc6.DLL
0x00007ff8c9e80000 - 0x00007ff8c9e9f000 	C:\WINDOWS\SYSTEM32\dhcpcsvc.DLL
0x00007ff8cec00000 - 0x00007ff8cecf8000 	C:\WINDOWS\SYSTEM32\DNSAPI.dll
0x00007ff8c4b30000 - 0x00007ff8c4b39000 	C:\Users\Playdata\.vscode\extensions\redhat.java-1.31.0-win32-x64\jre\17.0.11-win32-x86_64\bin\management.dll
0x00007ff8b8260000 - 0x00007ff8b826b000 	C:\Users\Playdata\.vscode\extensions\redhat.java-1.31.0-win32-x64\jre\17.0.11-win32-x86_64\bin\management_ext.dll
0x00007ff8d2a60000 - 0x00007ff8d2a68000 	C:\WINDOWS\System32\PSAPI.DLL
0x00007ff891570000 - 0x00007ff89157e000 	C:\Users\Playdata\.vscode\extensions\redhat.java-1.31.0-win32-x64\jre\17.0.11-win32-x86_64\bin\sunmscapi.dll
0x00007ff8d0240000 - 0x00007ff8d03a7000 	C:\WINDOWS\System32\CRYPT32.dll
0x00007ff8cf980000 - 0x00007ff8cf9ae000 	C:\WINDOWS\SYSTEM32\ncrypt.dll
0x00007ff8cf920000 - 0x00007ff8cf957000 	C:\WINDOWS\SYSTEM32\NTASN1.dll
0x00007ff8c87d0000 - 0x00007ff8c87da000 	C:\Windows\System32\rasadhlp.dll
0x00007ff8c7bb0000 - 0x00007ff8c7c33000 	C:\WINDOWS\System32\fwpuclnt.dll
0x00007ff8b8250000 - 0x00007ff8b8259000 	C:\Users\Playdata\.vscode\extensions\redhat.java-1.31.0-win32-x64\jre\17.0.11-win32-x86_64\bin\extnet.dll

dbghelp: loaded successfully - version: 4.0.5 - missing functions: none
symbol engine: initialized successfully - sym options: 0x614 - pdb path: .;c:\Users\Playdata\.vscode\extensions\redhat.java-1.31.0-win32-x64\jre\17.0.11-win32-x86_64\bin;C:\WINDOWS\SYSTEM32;C:\WINDOWS\WinSxS\amd64_microsoft.windows.common-controls_6595b64144ccf1df_6.0.22621.3672_none_2713b9d173822955;c:\Users\Playdata\.vscode\extensions\redhat.java-1.31.0-win32-x64\jre\17.0.11-win32-x86_64\bin\server

VM Arguments:
jvm_args: -Xmx1024m -Dsts.lsp.client=vscode -Dsts.log.file=/dev/null -XX:TieredStopAtLevel=1 -Xlog:jni+resolve=off -Dspring.config.location=file:c:\Users\Playdata\.vscode\extensions\vmware.vscode-spring-boot-1.55.0\language-server\BOOT-INF\classes\application.properties 
java_command: org.springframework.ide.vscode.boot.app.BootLanguageServerBootApp
java_class_path (initial): c:\Users\Playdata\.vscode\extensions\vmware.vscode-spring-boot-1.55.0\language-server\BOOT-INF\classes;c:\Users\Playdata\.vscode\extensions\vmware.vscode-spring-boot-1.55.0\language-server\BOOT-INF\lib\annotations-24.1.0.jar;c:\Users\Playdata\.vscode\extensions\vmware.vscode-spring-boot-1.55.0\language-server\BOOT-INF\lib\antlr4-runtime-4.13.1.jar;c:\Users\Playdata\.vscode\extensions\vmware.vscode-spring-boot-1.55.0\language-server\BOOT-INF\lib\asm-9.7.jar;c:\Users\Playdata\.vscode\extensions\vmware.vscode-spring-boot-1.55.0\language-server\BOOT-INF\lib\asm-analysis-9.7.jar;c:\Users\Playdata\.vscode\extensions\vmware.vscode-spring-boot-1.55.0\language-server\BOOT-INF\lib\asm-tree-9.7.jar;c:\Users\Playdata\.vscode\extensions\vmware.vscode-spring-boot-1.55.0\language-server\BOOT-INF\lib\asm-util-9.7.jar;c:\Users\Playdata\.vscode\extensions\vmware.vscode-spring-boot-1.55.0\language-server\BOOT-INF\lib\caffeine-3.1.8.jar;c:\Users\Playdata\.vscode\extensions\vmware.vscode-spring-boot-1.55.0\language-server\BOOT-INF\lib\checker-qual-3.12.0.jar;c:\Users\Playdata\.vscode\extensions\vmware.vscode-spring-boot-1.55.0\language-server\BOOT-INF\lib\classgraph-4.8.149.jar;c:\Users\Playdata\.vscode\extensions\vmware.vscode-spring-boot-1.55.0\language-server\BOOT-INF\lib\commons-codec-1.16.1.jar;c:\Users\Playdata\.vscode\extensions\vmware.vscode-spring-boot-1.55.0\language-server\BOOT-INF\lib\commons-compress-1.26.1.jar;c:\Users\Playdata\.vscode\extensions\vmware.vscode-spring-boot-1.55.0\language-server\BOOT-INF\lib\commons-io-2.16.1.jar;c:\Users\Playdata\.vscode\extensions\vmware.vscode-spring-boot-1.55.0\language-server\BOOT-INF\lib\commons-java-1.55.0-SNAPSHOT.jar;c:\Users\Playdata\.vscode\extensions\vmware.vscode-spring-boot-1.55.0\language-server\BOOT-INF\lib\commons-lang3-3.14.0.jar;c:\Users\Playdata\.vscode\extensions\vmware.vscode-spring-boot-1.55.0\language-server\BOOT-INF\lib\commons-language-server-1.55.0-SNAPSHOT.jar;c:\Users\Playdata\.vscod
Launcher Type: SUN_STANDARD

[Global flags]
     intx CICompilerCount                          = 4                                         {product} {ergonomic}
     uint ConcGCThreads                            = 2                                         {product} {ergonomic}
     uint G1ConcRefinementThreads                  = 8                                         {product} {ergonomic}
   size_t G1HeapRegionSize                         = 1048576                                   {product} {ergonomic}
    uintx GCDrainStackTargetSize                   = 64                                        {product} {ergonomic}
   size_t InitialHeapSize                          = 264241152                                 {product} {ergonomic}
   size_t MarkStackSize                            = 4194304                                   {product} {ergonomic}
   size_t MaxHeapSize                              = 1073741824                                {product} {command line}
   size_t MaxNewSize                               = 643825664                                 {product} {ergonomic}
   size_t MinHeapDeltaBytes                        = 1048576                                   {product} {ergonomic}
   size_t MinHeapSize                              = 8388608                                   {product} {ergonomic}
    uintx NonProfiledCodeHeapSize                  = 0                                      {pd product} {ergonomic}
     bool ProfileInterpreter                       = false                                  {pd product} {command line}
    uintx ProfiledCodeHeapSize                     = 0                                      {pd product} {ergonomic}
   size_t SoftMaxHeapSize                          = 1073741824                             {manageable} {ergonomic}
     intx TieredStopAtLevel                        = 1                                         {product} {command line}
     bool UseCompressedClassPointers               = true                           {product lp64_product} {ergonomic}
     bool UseCompressedOops                        = true                           {product lp64_product} {ergonomic}
     bool UseG1GC                                  = true                                      {product} {ergonomic}
     bool UseLargePagesIndividualAllocation        = false                                  {pd product} {ergonomic}

Logging:
Log output configuration:
 #0: stdout all=warning,jni+resolve=off uptime,level,tags
 #1: stderr all=off uptime,level,tags

Environment Variables:
JAVA_HOME=C:\Program Files\Eclipse Adoptium\jdk-17.0.10.7-hotspot
CLASSPATH=C:\Program Files\Eclipse Adoptium\jdk-17.0.10.7-hotspot\lib 
PATH=C:\Program Files\Eclipse Adoptium\jdk-17.0.10.7-hotspot\bin;C:\WINDOWS\system32;C:\WINDOWS;C:\WINDOWS\System32\Wbem;C:\WINDOWS\System32\WindowsPowerShell\v1.0\;C:\WINDOWS\System32\OpenSSH\;C:\Program Files\Bandizip\;C:\Program Files\Docker\Docker\resources\bin;C:\Program Files\Git\cmd;C:\Program Files (x86)\NetSarang\Xshell 7\;C:\Program Files\Amazon\AWSCLIV2\;C:\Users\Playdata\AppData\Local\Programs\Python\Python38\Scripts\;C:\Users\Playdata\AppData\Local\Programs\Python\Python38\;C:\Users\Playdata\AppData\Local\Programs\Python\Python310\Scripts\;C:\Users\Playdata\AppData\Local\Programs\Python\Python310\;C:\Users\Playdata\AppData\Local\Programs\Python\Python312\Scripts\;C:\Users\Playdata\AppData\Local\Programs\Python\Launcher\;C:\Users\Playdata\AppData\Local\Microsoft\WindowsApps;C:\Users\Playdata\AppData\Local\Programs\Microsoft VS Code\bin;C:\Program Files\JetBrains\PyCharm Community Edition 2023.3.4\bin;;
USERNAME=Playdata
OS=Windows_NT
PROCESSOR_IDENTIFIER=Intel64 Family 6 Model 140 Stepping 1, GenuineIntel
TMP=C:\Users\Playdata\AppData\Local\Temp
TEMP=C:\Users\Playdata\AppData\Local\Temp



Periodic native trim disabled


---------------  S Y S T E M  ---------------

OS:
 Windows 11 , 64 bit Build 22621 (10.0.22621.3672)
OS uptime: 2 days 23:18 hours
Hyper-V role detected

CPU: total 8 (initial active 8) (4 cores per cpu, 2 threads per core) family 6 model 140 stepping 1 microcode 0x8a, cx8, cmov, fxsr, ht, mmx, 3dnowpref, sse, sse2, sse3, ssse3, sse4.1, sse4.2, popcnt, lzcnt, tsc, tscinvbit, avx, avx2, aes, erms, clmul, bmi1, bmi2, adx, avx512f, avx512dq, avx512cd, avx512bw, avx512vl, sha, fma, vzeroupper, avx512_vpopcntdq, avx512_vpclmulqdq, avx512_vaes, avx512_vnni, clflush, clflushopt, clwb, avx512_vbmi2, avx512_vbmi, hv
Processor Information for all 8 processors :
  Max Mhz: 2419, Current Mhz: 2419, Mhz Limit: 2419

Memory: 4k page, system-wide physical 16107M (1051M free)
TotalPageFile size 46455M (AvailPageFile size 13M)
current process WorkingSet (physical memory assigned to process): 63M, peak: 251M
current process commit charge ("private bytes"): 302M, peak: 363M

vm_info: OpenJDK 64-Bit Server VM (17.0.11+9) for windows-amd64 JRE (17.0.11+9), built on Apr 17 2024 06:07:48 by "admin" with MS VC++ 16.10 / 16.11 (VS2019)

END.
